2023-08-06 08:23:27.910061 - Initialized conversion of CBT911
2023-08-06 08:23:28.256405 - Received CBT.V505.FILE911.PDS from FILE911.XMI 
2023-08-06 08:23:28.259048 - Found $$$#DATE.txt (text/plain) in CBT.V505.FILE911.PDS, moved to PDS/$$$#DATE
2023-08-06 08:23:28.260239 - Found $HIDEALL.rexx (text/plain) in CBT.V505.FILE911.PDS, moved to PDS/$HIDEALL
2023-08-06 08:23:28.261233 - Found #README.txt (text/plain) in CBT.V505.FILE911.PDS, moved to PDS/#README
2023-08-06 08:23:28.262253 - Found @FILE911.txt (text/plain) in CBT.V505.FILE911.PDS, moved to PDS/@FILE911
2023-08-06 08:23:28.263197 - Found @PROBLMS.txt (text/plain) in CBT.V505.FILE911.PDS, moved to PDS/@PROBLMS
2023-08-06 08:23:28.264099 - Found ALL.txt (text/plain) in CBT.V505.FILE911.PDS, moved to PDS/ALL
2023-08-06 08:23:28.264974 - Found ALLEXECS.diff (text/x-diff) in CBT.V505.FILE911.PDS, moved to PDS/ALLEXECS
2023-08-06 08:23:28.265903 - Found CANJOB.rexx (text/plain) in CBT.V505.FILE911.PDS, moved to PDS/CANJOB
2023-08-06 08:23:28.266782 - Found CONCATN.rexx (text/plain) in CBT.V505.FILE911.PDS, moved to PDS/CONCATN
2023-08-06 08:23:28.267655 - Found CONTAINS.rexx (text/plain) in CBT.V505.FILE911.PDS, moved to PDS/CONTAINS
2023-08-06 08:23:28.268466 - Found DOEQWILD.rexx (text/plain) in CBT.V505.FILE911.PDS, moved to PDS/DOEQWILD
2023-08-06 08:23:28.269311 - Found EQWILD.rexx (text/plain) in CBT.V505.FILE911.PDS, moved to PDS/EQWILD
2023-08-06 08:23:28.270210 - Found METRIC.rexx (text/plain) in CBT.V505.FILE911.PDS, moved to PDS/METRIC
2023-08-06 08:23:28.271095 - Found PERCENTI.txt (text/plain) in CBT.V505.FILE911.PDS, moved to PDS/PERCENTI
2023-08-06 08:23:28.271980 - Found PROB001.rexx (text/plain) in CBT.V505.FILE911.PDS, moved to PDS/PROB001
2023-08-06 08:23:28.272940 - Found PROB002.rexx (text/plain) in CBT.V505.FILE911.PDS, moved to PDS/PROB002
2023-08-06 08:23:28.273947 - Found PROB005.rexx (text/plain) in CBT.V505.FILE911.PDS, moved to PDS/PROB005
2023-08-06 08:23:28.274966 - Found PROB007.rexx (text/plain) in CBT.V505.FILE911.PDS, moved to PDS/PROB007
2023-08-06 08:23:28.275876 - Found PROB008.rexx (text/plain) in CBT.V505.FILE911.PDS, moved to PDS/PROB008
2023-08-06 08:23:28.276720 - Found PROB010.rexx (text/plain) in CBT.V505.FILE911.PDS, moved to PDS/PROB010
2023-08-06 08:23:28.277723 - Found PROB015.rexx (text/plain) in CBT.V505.FILE911.PDS, moved to PDS/PROB015
2023-08-06 08:23:28.278802 - Found PROB016.rexx (text/plain) in CBT.V505.FILE911.PDS, moved to PDS/PROB016
2023-08-06 08:23:28.279719 - Found PROB018.rexx (text/plain) in CBT.V505.FILE911.PDS, moved to PDS/PROB018
2023-08-06 08:23:28.280587 - Found PROB019.rexx (text/plain) in CBT.V505.FILE911.PDS, moved to PDS/PROB019
2023-08-06 08:23:28.281453 - Found PROB028.rexx (text/plain) in CBT.V505.FILE911.PDS, moved to PDS/PROB028
2023-08-06 08:23:28.282526 - Found PROB029.rexx (text/plain) in CBT.V505.FILE911.PDS, moved to PDS/PROB029
2023-08-06 08:23:28.283453 - Found PROB030.rexx (text/plain) in CBT.V505.FILE911.PDS, moved to PDS/PROB030
2023-08-06 08:23:28.284388 - Found PROB031.rexx (text/plain) in CBT.V505.FILE911.PDS, moved to PDS/PROB031
2023-08-06 08:23:28.285344 - Found PROB032.rexx (text/plain) in CBT.V505.FILE911.PDS, moved to PDS/PROB032
2023-08-06 08:23:28.286281 - Found PROB033.rexx (text/plain) in CBT.V505.FILE911.PDS, moved to PDS/PROB033
2023-08-06 08:23:28.287127 - Found PROB035.rexx (text/plain) in CBT.V505.FILE911.PDS, moved to PDS/PROB035
2023-08-06 08:23:28.288042 - Found PROB037.rexx (text/plain) in CBT.V505.FILE911.PDS, moved to PDS/PROB037
2023-08-06 08:23:28.288894 - Found PROB038.rexx (text/plain) in CBT.V505.FILE911.PDS, moved to PDS/PROB038
2023-08-06 08:23:28.289880 - Found PROB039.rexx (text/plain) in CBT.V505.FILE911.PDS, moved to PDS/PROB039
2023-08-06 08:23:28.290790 - Found PROB040.rexx (text/plain) in CBT.V505.FILE911.PDS, moved to PDS/PROB040
2023-08-06 08:23:28.291711 - Found PROB041.rexx (text/plain) in CBT.V505.FILE911.PDS, moved to PDS/PROB041
2023-08-06 08:23:28.292676 - Found PROB042.rexx (text/plain) in CBT.V505.FILE911.PDS, moved to PDS/PROB042
2023-08-06 08:23:28.293634 - Found PROB043.rexx (text/plain) in CBT.V505.FILE911.PDS, moved to PDS/PROB043
2023-08-06 08:23:28.294547 - Found PROB044.rexx (text/plain) in CBT.V505.FILE911.PDS, moved to PDS/PROB044
2023-08-06 08:23:28.295391 - Found PROB046.rexx (text/plain) in CBT.V505.FILE911.PDS, moved to PDS/PROB046
2023-08-06 08:23:28.296236 - Found PROB048.rexx (text/plain) in CBT.V505.FILE911.PDS, moved to PDS/PROB048
2023-08-06 08:23:28.297062 - Found PROB049.rexx (text/plain) in CBT.V505.FILE911.PDS, moved to PDS/PROB049
2023-08-06 08:23:28.298046 - Found PROB050.rexx (text/plain) in CBT.V505.FILE911.PDS, moved to PDS/PROB050
2023-08-06 08:23:28.298933 - Found PROB051.rexx (text/plain) in CBT.V505.FILE911.PDS, moved to PDS/PROB051
2023-08-06 08:23:28.299741 - Found PROB052.rexx (text/plain) in CBT.V505.FILE911.PDS, moved to PDS/PROB052
2023-08-06 08:23:28.300573 - Found PROB053.rexx (text/plain) in CBT.V505.FILE911.PDS, moved to PDS/PROB053
2023-08-06 08:23:28.301443 - Found PROB054.rexx (text/plain) in CBT.V505.FILE911.PDS, moved to PDS/PROB054
2023-08-06 08:23:28.302253 - Found PROB056.rexx (text/plain) in CBT.V505.FILE911.PDS, moved to PDS/PROB056
2023-08-06 08:23:28.303103 - Found PROB058.rexx (text/plain) in CBT.V505.FILE911.PDS, moved to PDS/PROB058
2023-08-06 08:23:28.303893 - Found PROB059.rexx (text/plain) in CBT.V505.FILE911.PDS, moved to PDS/PROB059
2023-08-06 08:23:28.304836 - Found PROB060.rexx (text/plain) in CBT.V505.FILE911.PDS, moved to PDS/PROB060
2023-08-06 08:23:28.305828 - Found PROB061.rexx (text/plain) in CBT.V505.FILE911.PDS, moved to PDS/PROB061
2023-08-06 08:23:28.306767 - Found PROB062.rexx (text/plain) in CBT.V505.FILE911.PDS, moved to PDS/PROB062
2023-08-06 08:23:28.307654 - Found PROB063.rexx (text/plain) in CBT.V505.FILE911.PDS, moved to PDS/PROB063
2023-08-06 08:23:28.308472 - Found PROB064.rexx (text/plain) in CBT.V505.FILE911.PDS, moved to PDS/PROB064
2023-08-06 08:23:28.309294 - Found PROB065.rexx (text/plain) in CBT.V505.FILE911.PDS, moved to PDS/PROB065
2023-08-06 08:23:28.310253 - Found PROB066.rexx (text/plain) in CBT.V505.FILE911.PDS, moved to PDS/PROB066
2023-08-06 08:23:28.311071 - Found PROB067.rexx (text/plain) in CBT.V505.FILE911.PDS, moved to PDS/PROB067
2023-08-06 08:23:28.311849 - Found PROB068.rexx (text/plain) in CBT.V505.FILE911.PDS, moved to PDS/PROB068
2023-08-06 08:23:28.312632 - Found PROB069.rexx (text/plain) in CBT.V505.FILE911.PDS, moved to PDS/PROB069
2023-08-06 08:23:28.313518 - Found SQRT.rexx (text/plain) in CBT.V505.FILE911.PDS, moved to PDS/SQRT
2023-08-06 08:23:28.314412 - Found STQUICK.rexx (text/plain) in CBT.V505.FILE911.PDS, moved to PDS/STQUICK
2023-08-06 08:23:28.315486 - Found SUBJCL1.diff (text/x-diff) in CBT.V505.FILE911.PDS, moved to PDS/SUBJCL1
2023-08-06 08:23:28.316431 - Found SUBJCL2.rexx (text/plain) in CBT.V505.FILE911.PDS, moved to PDS/SUBJCL2
2023-08-06 08:23:28.317399 - Found SUBJCL3.rexx (text/plain) in CBT.V505.FILE911.PDS, moved to PDS/SUBJCL3
2023-08-06 08:23:28.318276 - Found UPDTMEMB.rexx (text/plain) in CBT.V505.FILE911.PDS, moved to PDS/UPDTMEMB
